<?xml version="1.0" encoding="UTF-8"?>
<!-- Generated by org.testng.reporters.JUnitReportReporter -->
<testsuite skipped="2" hostname="RSTPL018-PC.local" name="com.ys.h2hdrx.webmodule.PrescriberHistory" tests="3" failures="0" timestamp="17 Aug 2020 17:08:51 GMT" time="29.835" errors="0">
  <testcase name="Report_PrescriberHistory" time="29.835" classname="com.ys.h2hdrx.webmodule.PrescriberHistory"/>
  <testcase name="tryFailScreenshot" classname="com.ys.h2hdrx.webmodule.PrescriberHistory">
    <skipped/>
  </testcase> <!-- tryFailScreenshot -->
  <testcase name="tryPassScreenshot" classname="com.ys.h2hdrx.webmodule.PrescriberHistory">
    <skipped/>
  </testcase> <!-- tryPassScreenshot -->
</testsuite> <!-- com.ys.h2hdrx.webmodule.PrescriberHistory -->
