<?xml version="1.0" encoding="UTF-8"?>
<!-- Generated by org.testng.reporters.JUnitReportReporter -->
<testsuite skipped="2" hostname="rstl006-pc" name="com.ys.h2hdrx.webmodule.Print" tests="3" failures="0" timestamp="14 May 2019 06:37:03 GMT" time="211.358" errors="0">
  <testcase name="Printbutton" time="211.358" classname="com.ys.h2hdrx.webmodule.Print"/>
  <testcase name="tryPassScreenshot" classname="com.ys.h2hdrx.webmodule.Print">
    <skipped/>
  </testcase> <!-- tryPassScreenshot -->
  <testcase name="tryFailScreenshot" classname="com.ys.h2hdrx.webmodule.Print">
    <skipped/>
  </testcase> <!-- tryFailScreenshot -->
</testsuite> <!-- com.ys.h2hdrx.webmodule.Print -->
