<?xml version="1.0" encoding="UTF-8"?>
<!-- Generated by org.testng.reporters.JUnitReportReporter -->
<testsuite skipped="0" hostname="rstl006-pc" name="com.ys.h2hdrx.webmodule.PendingRefills_Reports" tests="1" failures="0" timestamp="15 May 2019 11:56:56 GMT" time="233.196" errors="0">
  <testcase name="PendingRefills_Reports" time="233.196" classname="com.ys.h2hdrx.webmodule.PendingRefills_Reports"/>
</testsuite> <!-- com.ys.h2hdrx.webmodule.PendingRefills_Reports -->
