<?xml version="1.0" encoding="UTF-8"?>
<!-- Generated by org.testng.reporters.JUnitReportReporter -->
<testsuite skipped="26" hostname="rstl006-pc" name="com.ys.h2hdrx.SanityTestCases.WebLowProfiles" tests="27" failures="0" timestamp="31 Dec 2018 08:29:25 GMT" time="17.731" errors="0">
  <testcase name="weblogin" time="17.731" classname="com.ys.h2hdrx.SanityTestCases.WebLowProfiles"/>
  <testcase name="medicationHistory" classname="com.ys.h2hdrx.SanityTestCases.WebLowProfiles">
    <skipped/>
  </testcase> <!-- medicationHistory -->
  <testcase name="changePassword" classname="com.ys.h2hdrx.SanityTestCases.WebLowProfiles">
    <skipped/>
  </testcase> <!-- changePassword -->
  <testcase name="savedPrescriptions" classname="com.ys.h2hdrx.SanityTestCases.WebLowProfiles">
    <skipped/>
  </testcase> <!-- savedPrescriptions -->
  <testcase name="favDrugPatient" classname="com.ys.h2hdrx.SanityTestCases.WebLowProfiles">
    <skipped/>
  </testcase> <!-- favDrugPatient -->
  <testcase name="staffAuthorization" classname="com.ys.h2hdrx.SanityTestCases.WebLowProfiles">
    <skipped/>
  </testcase> <!-- staffAuthorization -->
  <testcase name="doctorBand" classname="com.ys.h2hdrx.SanityTestCases.WebLowProfiles">
    <skipped/>
  </testcase> <!-- doctorBand -->
  <testcase name="allergyInformation" classname="com.ys.h2hdrx.SanityTestCases.WebLowProfiles">
    <skipped/>
  </testcase> <!-- allergyInformation -->
  <testcase name="setDrugInteractions" classname="com.ys.h2hdrx.SanityTestCases.WebLowProfiles">
    <skipped/>
  </testcase> <!-- setDrugInteractions -->
  <testcase name="catchMethod" classname="com.ys.h2hdrx.SanityTestCases.WebLowProfiles">
    <skipped/>
  </testcase> <!-- catchMethod -->
  <testcase name="savedPrescriptionsPatient" classname="com.ys.h2hdrx.SanityTestCases.WebLowProfiles">
    <skipped/>
  </testcase> <!-- savedPrescriptionsPatient -->
  <testcase name="patientRegistration" classname="com.ys.h2hdrx.SanityTestCases.WebLowProfiles">
    <skipped/>
  </testcase> <!-- patientRegistration -->
  <testcase name="allegies" classname="com.ys.h2hdrx.SanityTestCases.WebLowProfiles">
    <skipped/>
  </testcase> <!-- allegies -->
  <testcase name="defaultPhysician" classname="com.ys.h2hdrx.SanityTestCases.WebLowProfiles">
    <skipped/>
  </testcase> <!-- defaultPhysician -->
  <testcase name="pharmacyInformation" classname="com.ys.h2hdrx.SanityTestCases.WebLowProfiles">
    <skipped/>
  </testcase> <!-- pharmacyInformation -->
  <testcase name="favDrugsDoctor" classname="com.ys.h2hdrx.SanityTestCases.WebLowProfiles">
    <skipped/>
  </testcase> <!-- favDrugsDoctor -->
  <testcase name="ssMedicationHistory" classname="com.ys.h2hdrx.SanityTestCases.WebLowProfiles">
    <skipped/>
  </testcase> <!-- ssMedicationHistory -->
  <testcase name="freeTextPad" classname="com.ys.h2hdrx.SanityTestCases.WebLowProfiles">
    <skipped/>
  </testcase> <!-- freeTextPad -->
  <testcase name="personalInformation" classname="com.ys.h2hdrx.SanityTestCases.WebLowProfiles">
    <skipped/>
  </testcase> <!-- personalInformation -->
  <testcase name="prescriptionReport" classname="com.ys.h2hdrx.SanityTestCases.WebLowProfiles">
    <skipped/>
  </testcase> <!-- prescriptionReport -->
  <testcase name="patientSearch" classname="com.ys.h2hdrx.SanityTestCases.WebLowProfiles">
    <skipped/>
  </testcase> <!-- patientSearch -->
  <testcase name="practiceFavDrugs" classname="com.ys.h2hdrx.SanityTestCases.WebLowProfiles">
    <skipped/>
  </testcase> <!-- practiceFavDrugs -->
  <testcase name="personalProfile" classname="com.ys.h2hdrx.SanityTestCases.WebLowProfiles">
    <skipped/>
  </testcase> <!-- personalProfile -->
  <testcase name="insuranceInformation" classname="com.ys.h2hdrx.SanityTestCases.WebLowProfiles">
    <skipped/>
  </testcase> <!-- insuranceInformation -->
  <testcase name="rxPad" classname="com.ys.h2hdrx.SanityTestCases.WebLowProfiles">
    <skipped/>
  </testcase> <!-- rxPad -->
  <testcase name="clinicInformation" classname="com.ys.h2hdrx.SanityTestCases.WebLowProfiles">
    <skipped/>
  </testcase> <!-- clinicInformation -->
  <testcase name="patientBand" classname="com.ys.h2hdrx.SanityTestCases.WebLowProfiles">
    <skipped/>
  </testcase> <!-- patientBand -->
</testsuite> <!-- com.ys.h2hdrx.SanityTestCases.WebLowProfiles -->
