<?xml version="1.0" encoding="UTF-8"?>
<!-- Generated by org.testng.reporters.JUnitReportReporter -->
<testsuite skipped="2" hostname="RSTPL018-PC.local" name="com.ys.h2hdrx.webmodule.Myprofile_Changepassword" tests="3" failures="0" timestamp="03 Aug 2020 08:09:56 GMT" time="18.020" errors="0">
  <testcase name="ChangePassword" time="18.020" classname="com.ys.h2hdrx.webmodule.Myprofile_Changepassword"/>
  <testcase name="tryPassScreenshot" classname="com.ys.h2hdrx.webmodule.Myprofile_Changepassword">
    <skipped/>
  </testcase> <!-- tryPassScreenshot -->
  <testcase name="tryFailScreenshot" classname="com.ys.h2hdrx.webmodule.Myprofile_Changepassword">
    <skipped/>
  </testcase> <!-- tryFailScreenshot -->
</testsuite> <!-- com.ys.h2hdrx.webmodule.Myprofile_Changepassword -->
