<?xml version="1.0" encoding="UTF-8"?>
<!-- Generated by org.testng.reporters.JUnitReportReporter -->
<testsuite skipped="3" hostname="rstl006-pc" name="com.ys.h2hdrx.webmodule.Alltest" tests="26" failures="0" timestamp="14 May 2019 13:52:32 GMT" time="3892.061" errors="0">
  <testcase name="uselogin" time="26.490" classname="com.ys.h2hdrx.webmodule.Alltest"/>
  <testcase name="Patientsearch" time="47.250" classname="com.ys.h2hdrx.webmodule.Alltest"/>
  <testcase name="Rxpad" time="343.131" classname="com.ys.h2hdrx.webmodule.Alltest"/>
  <testcase name="ssmedication" time="135.230" classname="com.ys.h2hdrx.webmodule.Alltest"/>
  <testcase name="allergies" time="17.682" classname="com.ys.h2hdrx.webmodule.Alltest"/>
  <testcase name="PatientSavedPrescription" time="776.485" classname="com.ys.h2hdrx.webmodule.Alltest"/>
  <testcase name="PatientFavouriteDrug" time="417.554" classname="com.ys.h2hdrx.webmodule.Alltest"/>
  <testcase name="SendandPrint" time="350.720" classname="com.ys.h2hdrx.webmodule.Alltest"/>
  <testcase name="Print" time="376.572" classname="com.ys.h2hdrx.webmodule.Alltest"/>
  <testcase name="Addtomedication" time="328.309" classname="com.ys.h2hdrx.webmodule.Alltest"/>
  <testcase name="Defaultphysician" time="30.795" classname="com.ys.h2hdrx.webmodule.Alltest"/>
  <testcase name="Doctorsaveprescrition" time="417.368" classname="com.ys.h2hdrx.webmodule.Alltest"/>
  <testcase name="Patientprofile" time="28.550" classname="com.ys.h2hdrx.webmodule.Alltest"/>
  <testcase name="Insurance" time="22.245" classname="com.ys.h2hdrx.webmodule.Alltest"/>
  <testcase name="Medicationhistory" time="183.676" classname="com.ys.h2hdrx.webmodule.Alltest"/>
  <testcase name="Medication_cancellation" time="43.223" classname="com.ys.h2hdrx.webmodule.Alltest"/>
  <testcase name="Freetext" time="156.045" classname="com.ys.h2hdrx.webmodule.Alltest"/>
  <testcase name="Rxpad_prescriptionreport" time="15.773" classname="com.ys.h2hdrx.webmodule.Alltest"/>
  <testcase name="Myprofile" time="28.946" classname="com.ys.h2hdrx.webmodule.Alltest"/>
  <testcase name="Myprofile_personal" time="3.048" classname="com.ys.h2hdrx.webmodule.Alltest"/>
  <testcase name="Myprofile_setdruginteraction" time="9.975" classname="com.ys.h2hdrx.webmodule.Alltest"/>
  <testcase name="Myprofile_staffauthorization" time="15.397" classname="com.ys.h2hdrx.webmodule.Alltest"/>
  <testcase name="Myprofile_favouritedrug" time="117.597" classname="com.ys.h2hdrx.webmodule.Alltest"/>
  <testcase name="repoer_prescriberhistory" classname="com.ys.h2hdrx.webmodule.Alltest">
    <skipped/>
  </testcase> <!-- repoer_prescriberhistory -->
  <testcase name="Report_patienthistory" classname="com.ys.h2hdrx.webmodule.Alltest">
    <skipped/>
  </testcase> <!-- Report_patienthistory -->
  <testcase name="Myprofile_changepassword" classname="com.ys.h2hdrx.webmodule.Alltest">
    <skipped/>
  </testcase> <!-- Myprofile_changepassword -->
</testsuite> <!-- com.ys.h2hdrx.webmodule.Alltest -->
