<?xml version="1.0" encoding="UTF-8"?>
<!-- Generated by org.testng.reporters.JUnitReportReporter -->
<testsuite skipped="2" hostname="RSTPL018-PC.local" name="com.ys.h2hdrx.webmodule.FreeText" tests="3" failures="0" timestamp="29 Jul 2020 09:57:49 GMT" time="101.679" errors="0">
  <testcase name="FreeText_Addtomedication" time="101.679" classname="com.ys.h2hdrx.webmodule.FreeText"/>
  <testcase name="tryFailScreenshot" classname="com.ys.h2hdrx.webmodule.FreeText">
    <skipped/>
  </testcase> <!-- tryFailScreenshot -->
  <testcase name="tryPassScreenshot" classname="com.ys.h2hdrx.webmodule.FreeText">
    <skipped/>
  </testcase> <!-- tryPassScreenshot -->
</testsuite> <!-- com.ys.h2hdrx.webmodule.FreeText -->
