<?xml version="1.0" encoding="UTF-8"?>
<!-- Generated by org.testng.reporters.JUnitReportReporter -->
<testsuite skipped="2" hostname="RSTPL018-PC.local" name="com.ys.h2hdrx.adminmodule.AdminLogin" tests="3" failures="0" timestamp="22 Jul 2020 14:25:44 GMT" time="5.811" errors="0">
  <testcase name="loginAdmin" time="5.811" classname="com.ys.h2hdrx.adminmodule.AdminLogin"/>
  <testcase name="changePassword" classname="com.ys.h2hdrx.adminmodule.AdminLogin">
    <skipped/>
  </testcase> <!-- changePassword -->
  <testcase name="editUser" classname="com.ys.h2hdrx.adminmodule.AdminLogin">
    <skipped/>
  </testcase> <!-- editUser -->
</testsuite> <!-- com.ys.h2hdrx.adminmodule.AdminLogin -->
