<?xml version="1.0" encoding="UTF-8"?>
<!-- Generated by org.testng.reporters.JUnitReportReporter -->
<testsuite skipped="2" hostname="RSTPL018-PC.local" name="com.ys.h2hdrx.webmodule.Rxpad" tests="4" failures="0" timestamp="31 Jul 2020 08:37:47 GMT" time="296.329" errors="0">
  <testcase name="Confirmprescription" time="260.259" classname="com.ys.h2hdrx.webmodule.Rxpad"/>
  <testcase name="sendtopharmacy" time="36.070" classname="com.ys.h2hdrx.webmodule.Rxpad"/>
  <testcase name="tryPassScreenshot" classname="com.ys.h2hdrx.webmodule.Rxpad">
    <skipped/>
  </testcase> <!-- tryPassScreenshot -->
  <testcase name="tryFailScreenshot" classname="com.ys.h2hdrx.webmodule.Rxpad">
    <skipped/>
  </testcase> <!-- tryFailScreenshot -->
</testsuite> <!-- com.ys.h2hdrx.webmodule.Rxpad -->
