<?xml version="1.0" encoding="UTF-8"?>
<!-- Generated by org.testng.reporters.JUnitReportReporter -->
<testsuite skipped="2" hostname="RSTPL018-PC.local" name="com.ys.h2hdrx.webmodule.Myprofile_favouritedrug" tests="5" failures="0" timestamp="07 Aug 2020 16:53:02 GMT" time="90.776" errors="0">
  <testcase name="favouritedrug" time="18.222" classname="com.ys.h2hdrx.webmodule.Myprofile_favouritedrug"/>
  <testcase name="addpracticelist" time="11.205" classname="com.ys.h2hdrx.webmodule.Myprofile_favouritedrug"/>
  <testcase name="practicefavoritedrug" time="61.349" classname="com.ys.h2hdrx.webmodule.Myprofile_favouritedrug"/>
  <testcase name="tryFailScreenshot" classname="com.ys.h2hdrx.webmodule.Myprofile_favouritedrug">
    <skipped/>
  </testcase> <!-- tryFailScreenshot -->
  <testcase name="tryPassScreenshot" classname="com.ys.h2hdrx.webmodule.Myprofile_favouritedrug">
    <skipped/>
  </testcase> <!-- tryPassScreenshot -->
</testsuite> <!-- com.ys.h2hdrx.webmodule.Myprofile_favouritedrug -->
