<?xml version="1.0" encoding="UTF-8"?>
<!-- Generated by org.testng.reporters.JUnitReportReporter -->
<testsuite skipped="5" hostname="rstl006-pc" name="com.ys.h2hdrx.webmodule.Myprofile" tests="7" failures="0" timestamp="12 May 2019 06:20:55 GMT" time="23.897" errors="0">
  <testcase name="addclinic" time="12.377" classname="com.ys.h2hdrx.webmodule.Myprofile"/>
  <testcase name="Myprofile_clinicinformation" time="11.520" classname="com.ys.h2hdrx.webmodule.Myprofile"/>
  <testcase name="SetDrugInteraction" classname="com.ys.h2hdrx.webmodule.Myprofile">
    <skipped/>
  </testcase> <!-- SetDrugInteraction -->
  <testcase name="tryPassScreenshot" classname="com.ys.h2hdrx.webmodule.Myprofile">
    <skipped/>
  </testcase> <!-- tryPassScreenshot -->
  <testcase name="ChangePassword" classname="com.ys.h2hdrx.webmodule.Myprofile">
    <skipped/>
  </testcase> <!-- ChangePassword -->
  <testcase name="PersonalProfile" classname="com.ys.h2hdrx.webmodule.Myprofile">
    <skipped/>
  </testcase> <!-- PersonalProfile -->
  <testcase name="tryFailScreenshot" classname="com.ys.h2hdrx.webmodule.Myprofile">
    <skipped/>
  </testcase> <!-- tryFailScreenshot -->
</testsuite> <!-- com.ys.h2hdrx.webmodule.Myprofile -->
