<?xml version="1.0" encoding="UTF-8"?>
<!-- Generated by org.testng.reporters.JUnitReportReporter -->
<testsuite skipped="28" hostname="RSTPL018-PC.local" name="com.ys.h2hdrx.SanityTestCases.WebModule" tests="29" failures="0" timestamp="22 Jul 2020 08:54:07 GMT" time="0.032" errors="1">
  <testcase name="browser" time="0.032" classname="com.ys.h2hdrx.SanityTestCases.WebModule">
    <error type="java.lang.Error" message="Unresolved compilation problems: 
	FirefoxDriver cannot be resolved to a type
	InternetExplorerDriver cannot be resolved to a type
">
      <![CDATA[java.lang.Error: Unresolved compilation problems: 
FirefoxDriver cannot be resolved to a type
InternetExplorerDriver cannot be resolved to a type

at com.ys.h2hdrx.webmodule.Driver.browser(Driver.java:60)
at com.ys.h2hdrx.SanityTestCases.WebModule.browser(WebModule.java:758)
at sun.reflect.NativeMethodAccessorImpl.invoke0(Native Method)
at sun.reflect.NativeMethodAccessorImpl.invoke(NativeMethodAccessorImpl.java:62)
at sun.reflect.DelegatingMethodAccessorImpl.invoke(DelegatingMethodAccessorImpl.java:43)
at java.lang.reflect.Method.invoke(Method.java:498)
at org.testng.internal.MethodInvocationHelper.invokeMethod(MethodInvocationHelper.java:124)
at org.testng.internal.MethodInvocationHelper.invokeMethodConsideringTimeout(MethodInvocationHelper.java:59)
at org.testng.internal.Invoker.invokeConfigurationMethod(Invoker.java:458)
at org.testng.internal.Invoker.invokeConfigurations(Invoker.java:222)
at org.testng.internal.Invoker.invokeConfigurations(Invoker.java:142)
at org.testng.TestRunner.beforeRun(TestRunner.java:529)
at org.testng.TestRunner.run(TestRunner.java:497)
at org.testng.SuiteRunner.runTest(SuiteRunner.java:455)
at org.testng.SuiteRunner.runSequentially(SuiteRunner.java:450)
at org.testng.SuiteRunner.privateRun(SuiteRunner.java:415)
at org.testng.SuiteRunner.run(SuiteRunner.java:364)
at org.testng.SuiteRunnerWorker.runSuite(SuiteRunnerWorker.java:52)
at org.testng.SuiteRunnerWorker.run(SuiteRunnerWorker.java:84)
at org.testng.TestNG.runSuitesSequentially(TestNG.java:1208)
at org.testng.TestNG.runSuitesLocally(TestNG.java:1137)
at org.testng.TestNG.runSuites(TestNG.java:1049)
at org.testng.TestNG.run(TestNG.java:1017)
at org.testng.remote.AbstractRemoteTestNG.run(AbstractRemoteTestNG.java:114)
at org.testng.remote.RemoteTestNG.initAndRun(RemoteTestNG.java:251)
at org.testng.remote.RemoteTestNG.main(RemoteTestNG.java:77)
]]>
    </error>
  </testcase> <!-- browser -->
  <testcase name="weblogin" time="0.000" classname="com.ys.h2hdrx.SanityTestCases.WebModule">
    <skipped/>
  </testcase> <!-- weblogin -->
  <testcase name="patientSearch" time="0.000" classname="com.ys.h2hdrx.SanityTestCases.WebModule">
    <skipped/>
  </testcase> <!-- patientSearch -->
  <testcase name="rxPad" time="0.000" classname="com.ys.h2hdrx.SanityTestCases.WebModule">
    <skipped/>
  </testcase> <!-- rxPad -->
  <testcase name="ssMedicationHistory" time="0.000" classname="com.ys.h2hdrx.SanityTestCases.WebModule">
    <skipped/>
  </testcase> <!-- ssMedicationHistory -->
  <testcase name="allergies" time="0.000" classname="com.ys.h2hdrx.SanityTestCases.WebModule">
    <skipped/>
  </testcase> <!-- allergies -->
  <testcase name="savedPrescriptionsPatient" time="0.000" classname="com.ys.h2hdrx.SanityTestCases.WebModule">
    <skipped/>
  </testcase> <!-- savedPrescriptionsPatient -->
  <testcase name="favDrugPatient" time="0.000" classname="com.ys.h2hdrx.SanityTestCases.WebModule">
    <skipped/>
  </testcase> <!-- favDrugPatient -->
  <testcase name="medicationHistory" time="0.000" classname="com.ys.h2hdrx.SanityTestCases.WebModule">
    <skipped/>
  </testcase> <!-- medicationHistory -->
  <testcase name="practiceFavDrugs" time="0.000" classname="com.ys.h2hdrx.SanityTestCases.WebModule">
    <skipped/>
  </testcase> <!-- practiceFavDrugs -->
  <testcase name="defaultPhysician" time="0.000" classname="com.ys.h2hdrx.SanityTestCases.WebModule">
    <skipped/>
  </testcase> <!-- defaultPhysician -->
  <testcase name="prescriptionReport" time="0.000" classname="com.ys.h2hdrx.SanityTestCases.WebModule">
    <skipped/>
  </testcase> <!-- prescriptionReport -->
  <testcase name="personalInformation" time="0.000" classname="com.ys.h2hdrx.SanityTestCases.WebModule">
    <skipped/>
  </testcase> <!-- personalInformation -->
  <testcase name="allergyInformation" time="0.000" classname="com.ys.h2hdrx.SanityTestCases.WebModule">
    <skipped/>
  </testcase> <!-- allergyInformation -->
  <testcase name="insuranceInformation" time="0.000" classname="com.ys.h2hdrx.SanityTestCases.WebModule">
    <skipped/>
  </testcase> <!-- insuranceInformation -->
  <testcase name="pharmacyInformation" time="0.000" classname="com.ys.h2hdrx.SanityTestCases.WebModule">
    <skipped/>
  </testcase> <!-- pharmacyInformation -->
  <testcase name="freeTextPad" time="0.000" classname="com.ys.h2hdrx.SanityTestCases.WebModule">
    <skipped/>
  </testcase> <!-- freeTextPad -->
  <testcase name="savedPrescriptions" time="0.000" classname="com.ys.h2hdrx.SanityTestCases.WebModule">
    <skipped/>
  </testcase> <!-- savedPrescriptions -->
  <testcase name="patientBand" time="0.000" classname="com.ys.h2hdrx.SanityTestCases.WebModule">
    <skipped/>
  </testcase> <!-- patientBand -->
  <testcase name="doctorBand" time="0.000" classname="com.ys.h2hdrx.SanityTestCases.WebModule">
    <skipped/>
  </testcase> <!-- doctorBand -->
  <testcase name="changePassword" time="0.000" classname="com.ys.h2hdrx.SanityTestCases.WebModule">
    <skipped/>
  </testcase> <!-- changePassword -->
  <testcase name="staffAuthorization" time="0.000" classname="com.ys.h2hdrx.SanityTestCases.WebModule">
    <skipped/>
  </testcase> <!-- staffAuthorization -->
  <testcase name="clinicInformation" time="0.000" classname="com.ys.h2hdrx.SanityTestCases.WebModule">
    <skipped/>
  </testcase> <!-- clinicInformation -->
  <testcase name="personalProfile" time="0.000" classname="com.ys.h2hdrx.SanityTestCases.WebModule">
    <skipped/>
  </testcase> <!-- personalProfile -->
  <testcase name="favDrugsDoctor" time="0.000" classname="com.ys.h2hdrx.SanityTestCases.WebModule">
    <skipped/>
  </testcase> <!-- favDrugsDoctor -->
  <testcase name="setDrugInteractions" time="0.000" classname="com.ys.h2hdrx.SanityTestCases.WebModule">
    <skipped/>
  </testcase> <!-- setDrugInteractions -->
  <testcase name="catchMethod" classname="com.ys.h2hdrx.SanityTestCases.WebModule">
    <skipped/>
  </testcase> <!-- catchMethod -->
  <testcase name="tryPassScreenshot" classname="com.ys.h2hdrx.SanityTestCases.WebModule">
    <skipped/>
  </testcase> <!-- tryPassScreenshot -->
  <testcase name="patientRegistration" classname="com.ys.h2hdrx.SanityTestCases.WebModule">
    <skipped/>
  </testcase> <!-- patientRegistration -->
</testsuite> <!-- com.ys.h2hdrx.SanityTestCases.WebModule -->
