<?xml version="1.0" encoding="UTF-8"?>
<!-- Generated by org.testng.reporters.JUnitReportReporter -->
<testsuite skipped="0" hostname="rstl006-pc" name="com.ys.h2hdrx.lowprofile.Sendtopharmacy" tests="1" failures="0" timestamp="24 Apr 2019 14:11:30 GMT" time="13.159" errors="0">
  <testcase name="onbehalflink" time="13.159" classname="com.ys.h2hdrx.lowprofile.Sendtopharmacy"/>
</testsuite> <!-- com.ys.h2hdrx.lowprofile.Sendtopharmacy -->
