<?xml version="1.0" encoding="UTF-8"?>
<!-- Generated by org.testng.reporters.JUnitReportReporter -->
<testsuite skipped="2" hostname="rstl006-pc" name="com.ys.h2hdrx.webmodule.PrescriberHistory" tests="3" failures="0" timestamp="15 May 2019 11:29:29 GMT" time="16.921" errors="0">
  <testcase name="Report_PrescriberHistory" time="16.921" classname="com.ys.h2hdrx.webmodule.PrescriberHistory"/>
  <testcase name="tryFailScreenshot" classname="com.ys.h2hdrx.webmodule.PrescriberHistory">
    <skipped/>
  </testcase> <!-- tryFailScreenshot -->
  <testcase name="tryPassScreenshot" classname="com.ys.h2hdrx.webmodule.PrescriberHistory">
    <skipped/>
  </testcase> <!-- tryPassScreenshot -->
</testsuite> <!-- com.ys.h2hdrx.webmodule.PrescriberHistory -->
