<?xml version="1.0" encoding="UTF-8"?>
<!-- Generated by org.testng.reporters.JUnitReportReporter -->
<testsuite skipped="0" hostname="rstl006-pc" name="com.ys.h2hdrx.lowprofile.LowPatientRegistration" tests="1" failures="0" timestamp="23 Apr 2019 07:42:26 GMT" time="31.519" errors="0">
  <testcase name="LowPatientRegistration" time="31.519" classname="com.ys.h2hdrx.lowprofile.LowPatientRegistration"/>
</testsuite> <!-- com.ys.h2hdrx.lowprofile.LowPatientRegistration -->
