<?xml version="1.0" encoding="UTF-8"?>
<!-- Generated by org.testng.reporters.JUnitReportReporter -->
<testsuite skipped="0" hostname="rstl006-pc" name="com.ys.h2hdrx.lowprofile.NewTest" tests="1" failures="0" timestamp="03 Apr 2019 11:10:47 GMT" time="32.626" errors="0">
  <testcase name="f" time="32.626" classname="com.ys.h2hdrx.lowprofile.NewTest"/>
</testsuite> <!-- com.ys.h2hdrx.lowprofile.NewTest -->
