<?xml version="1.0" encoding="UTF-8"?>
<!-- Generated by org.testng.reporters.JUnitReportReporter -->
<testsuite skipped="2" hostname="RSTPL018-PC.local" name="com.ys.h2hdrx.webmodule.UserLogin" tests="3" failures="0" timestamp="07 Aug 2020 14:21:20 GMT" time="34.612" errors="0">
  <testcase name="doctorLogin" time="34.612" classname="com.ys.h2hdrx.webmodule.UserLogin"/>
  <testcase name="tryPassScreenshot" classname="com.ys.h2hdrx.webmodule.UserLogin">
    <skipped/>
  </testcase> <!-- tryPassScreenshot -->
  <testcase name="tryFailScreenshot" classname="com.ys.h2hdrx.webmodule.UserLogin">
    <skipped/>
  </testcase> <!-- tryFailScreenshot -->
</testsuite> <!-- com.ys.h2hdrx.webmodule.UserLogin -->
