<?xml version="1.0" encoding="UTF-8"?>
<!-- Generated by org.testng.reporters.JUnitReportReporter -->
<testsuite skipped="2" hostname="RSTPL018-PC.local" name="com.ys.h2hdrx.webmodule.FreeText" tests="3" failures="0" timestamp="27 Jul 2020 14:39:09 GMT" time="74.134" errors="0">
  <testcase name="FreeText_Addtomedication" time="74.134" classname="com.ys.h2hdrx.webmodule.FreeText"/>
  <testcase name="tryFailScreenshot" classname="com.ys.h2hdrx.webmodule.FreeText">
    <skipped/>
  </testcase> <!-- tryFailScreenshot -->
  <testcase name="tryPassScreenshot" classname="com.ys.h2hdrx.webmodule.FreeText">
    <skipped/>
  </testcase> <!-- tryPassScreenshot -->
</testsuite> <!-- com.ys.h2hdrx.webmodule.FreeText -->
