<?xml version="1.0" encoding="UTF-8"?>
<!-- Generated by org.testng.reporters.JUnitReportReporter -->
<testsuite skipped="2" hostname="RSTPL018-PC.local" name="com.ys.h2hdrx.webmodule.Medicationhistory_confirmcancellation" tests="5" failures="0" timestamp="07 Aug 2020 16:17:51 GMT" time="69.920" errors="0">
  <testcase name="Confirmcanellation" time="31.950" classname="com.ys.h2hdrx.webmodule.Medicationhistory_confirmcancellation"/>
  <testcase name="Confirmcanellation_back" time="18.281" classname="com.ys.h2hdrx.webmodule.Medicationhistory_confirmcancellation"/>
  <testcase name="Confirmcanellation_remove" time="19.689" classname="com.ys.h2hdrx.webmodule.Medicationhistory_confirmcancellation"/>
  <testcase name="tryPassScreenshot" classname="com.ys.h2hdrx.webmodule.Medicationhistory_confirmcancellation">
    <skipped/>
  </testcase> <!-- tryPassScreenshot -->
  <testcase name="tryFailScreenshot" classname="com.ys.h2hdrx.webmodule.Medicationhistory_confirmcancellation">
    <skipped/>
  </testcase> <!-- tryFailScreenshot -->
</testsuite> <!-- com.ys.h2hdrx.webmodule.Medicationhistory_confirmcancellation -->
