<?xml version="1.0" encoding="UTF-8"?>
<!-- Generated by org.testng.reporters.JUnitReportReporter -->
<testsuite skipped="0" hostname="RSTPL018-PC.local" name="com.ys.h2hdrx.webmodule.Rxpad_Prescription" tests="1" failures="0" timestamp="30 Jul 2020 15:40:42 GMT" time="0.465" errors="0">
  <testcase name="Rxpad_Prescriptionreport" time="0.465" classname="com.ys.h2hdrx.webmodule.Rxpad_Prescription"/>
</testsuite> <!-- com.ys.h2hdrx.webmodule.Rxpad_Prescription -->
