<?xml version="1.0" encoding="UTF-8"?>
<!-- Generated by org.testng.reporters.JUnitReportReporter -->
<testsuite skipped="2" hostname="rstl006-pc" name="com.ys.h2hdrx.webmodule.Myprofile_Changepassword" tests="3" failures="0" timestamp="13 May 2019 11:32:17 GMT" time="12.349" errors="0">
  <testcase name="ChangePassword" time="12.349" classname="com.ys.h2hdrx.webmodule.Myprofile_Changepassword"/>
  <testcase name="tryPassScreenshot" classname="com.ys.h2hdrx.webmodule.Myprofile_Changepassword">
    <skipped/>
  </testcase> <!-- tryPassScreenshot -->
  <testcase name="tryFailScreenshot" classname="com.ys.h2hdrx.webmodule.Myprofile_Changepassword">
    <skipped/>
  </testcase> <!-- tryFailScreenshot -->
</testsuite> <!-- com.ys.h2hdrx.webmodule.Myprofile_Changepassword -->
