<?xml version="1.0" encoding="UTF-8"?>
<!-- Generated by org.testng.reporters.JUnitReportReporter -->
<testsuite skipped="3" hostname="rstl006-pc" name="com.ys.h2hdrx.webmodule.Allergies" tests="7" failures="0" timestamp="29 Apr 2019 14:40:59 GMT" time="12.283" errors="0">
  <testcase name="allergies_add" time="7.025" classname="com.ys.h2hdrx.webmodule.Allergies"/>
  <testcase name="allergies_addreaction" time="3.361" classname="com.ys.h2hdrx.webmodule.Allergies"/>
  <testcase name="allergies_edit" time="0.387" classname="com.ys.h2hdrx.webmodule.Allergies"/>
  <testcase name="allergies_inactive" time="1.510" classname="com.ys.h2hdrx.webmodule.Allergies"/>
  <testcase name="tryPassScreenshot" classname="com.ys.h2hdrx.webmodule.Allergies">
    <skipped/>
  </testcase> <!-- tryPassScreenshot -->
  <testcase name="allergies_delete" classname="com.ys.h2hdrx.webmodule.Allergies">
    <skipped/>
  </testcase> <!-- allergies_delete -->
  <testcase name="tryFailScreenshot" classname="com.ys.h2hdrx.webmodule.Allergies">
    <skipped/>
  </testcase> <!-- tryFailScreenshot -->
</testsuite> <!-- com.ys.h2hdrx.webmodule.Allergies -->
