<?xml version="1.0" encoding="UTF-8"?>
<!-- Generated by org.testng.reporters.JUnitReportReporter -->
<testsuite skipped="2" hostname="RSTPL018-PC.local" name="com.ys.h2hdrx.webmodule.UserLogin" tests="3" failures="0" timestamp="29 Jul 2020 07:32:02 GMT" time="29.462" errors="0">
  <testcase name="doctorLogin" time="29.462" classname="com.ys.h2hdrx.webmodule.UserLogin"/>
  <testcase name="tryPassScreenshot" classname="com.ys.h2hdrx.webmodule.UserLogin">
    <skipped/>
  </testcase> <!-- tryPassScreenshot -->
  <testcase name="tryFailScreenshot" classname="com.ys.h2hdrx.webmodule.UserLogin">
    <skipped/>
  </testcase> <!-- tryFailScreenshot -->
</testsuite> <!-- com.ys.h2hdrx.webmodule.UserLogin -->
