<?xml version="1.0" encoding="UTF-8"?>
<!-- Generated by org.testng.reporters.JUnitReportReporter -->
<testsuite skipped="2" hostname="rstl006-pc" name="com.ys.h2hdrx.webmodule.Myprofile_favouritedrug" tests="5" failures="0" timestamp="14 May 2019 10:40:14 GMT" time="92.866" errors="0">
  <testcase name="favouritedrug" time="12.708" classname="com.ys.h2hdrx.webmodule.Myprofile_favouritedrug"/>
  <testcase name="addpracticelist" time="4.738" classname="com.ys.h2hdrx.webmodule.Myprofile_favouritedrug"/>
  <testcase name="practicefavoritedrug" time="75.420" classname="com.ys.h2hdrx.webmodule.Myprofile_favouritedrug"/>
  <testcase name="tryFailScreenshot" classname="com.ys.h2hdrx.webmodule.Myprofile_favouritedrug">
    <skipped/>
  </testcase> <!-- tryFailScreenshot -->
  <testcase name="tryPassScreenshot" classname="com.ys.h2hdrx.webmodule.Myprofile_favouritedrug">
    <skipped/>
  </testcase> <!-- tryPassScreenshot -->
</testsuite> <!-- com.ys.h2hdrx.webmodule.Myprofile_favouritedrug -->
