<?xml version="1.0" encoding="UTF-8"?>
<!-- Generated by org.testng.reporters.JUnitReportReporter -->
<testsuite skipped="2" hostname="rstl006-pc" name="com.ys.h2hdrx.webmodule.Myprofile_Personal" tests="3" failures="0" timestamp="12 May 2019 14:59:00 GMT" time="2.912" errors="0">
  <testcase name="PersonalProfile" time="2.912" classname="com.ys.h2hdrx.webmodule.Myprofile_Personal"/>
  <testcase name="tryFailScreenshot" classname="com.ys.h2hdrx.webmodule.Myprofile_Personal">
    <skipped/>
  </testcase> <!-- tryFailScreenshot -->
  <testcase name="tryPassScreenshot" classname="com.ys.h2hdrx.webmodule.Myprofile_Personal">
    <skipped/>
  </testcase> <!-- tryPassScreenshot -->
</testsuite> <!-- com.ys.h2hdrx.webmodule.Myprofile_Personal -->
