<?xml version="1.0" encoding="UTF-8"?>
<!-- Generated by org.testng.reporters.JUnitReportReporter -->
<testsuite skipped="0" hostname="rstl006-pc" name="test.B" tests="1" failures="0" timestamp="07 Jan 2019 17:28:58 GMT" time="0.023" errors="0">
  <testcase name="one" time="0.023" classname="test.B"/>
</testsuite> <!-- test.B -->
