<?xml version="1.0" encoding="UTF-8"?>
<!-- Generated by org.testng.reporters.JUnitReportReporter -->
<testsuite skipped="1" hostname="rstl006-pc" name="test.Search" tests="1" failures="0" timestamp="19 Mar 2019 08:49:06 GMT" time="0.000" errors="0">
  <testcase name="f" time="0.000" classname="test.Search">
    <skipped/>
  </testcase> <!-- f -->
</testsuite> <!-- test.Search -->
