<?xml version="1.0" encoding="UTF-8"?>
<!-- Generated by org.testng.reporters.JUnitReportReporter -->
<testsuite skipped="2" hostname="RSTPL018-PC.local" name="com.ys.h2hdrx.webmodule.Myprofile" tests="4" failures="0" timestamp="27 Jul 2020 14:42:41 GMT" time="39.163" errors="0">
  <testcase name="addclinic" time="21.039" classname="com.ys.h2hdrx.webmodule.Myprofile"/>
  <testcase name="Myprofile_clinicinformation" time="18.124" classname="com.ys.h2hdrx.webmodule.Myprofile"/>
  <testcase name="tryPassScreenshot" classname="com.ys.h2hdrx.webmodule.Myprofile">
    <skipped/>
  </testcase> <!-- tryPassScreenshot -->
  <testcase name="tryFailScreenshot" classname="com.ys.h2hdrx.webmodule.Myprofile">
    <skipped/>
  </testcase> <!-- tryFailScreenshot -->
</testsuite> <!-- com.ys.h2hdrx.webmodule.Myprofile -->
