<?xml version="1.0" encoding="UTF-8"?>
<!-- Generated by org.testng.reporters.JUnitReportReporter -->
<testsuite skipped="2" hostname="rstl006-pc" name="com.ys.h2hdrx.webmodule.MedicationHistory" tests="5" failures="0" timestamp="14 May 2019 10:44:01 GMT" time="72.166" errors="0">
  <testcase name="drugcheckbox" time="1.896" classname="com.ys.h2hdrx.webmodule.MedicationHistory"/>
  <testcase name="Confirmprescription" time="51.781" classname="com.ys.h2hdrx.webmodule.MedicationHistory"/>
  <testcase name="Updatedrug" time="18.489" classname="com.ys.h2hdrx.webmodule.MedicationHistory"/>
  <testcase name="tryFailScreenshot" classname="com.ys.h2hdrx.webmodule.MedicationHistory">
    <skipped/>
  </testcase> <!-- tryFailScreenshot -->
  <testcase name="tryPassScreenshot" classname="com.ys.h2hdrx.webmodule.MedicationHistory">
    <skipped/>
  </testcase> <!-- tryPassScreenshot -->
</testsuite> <!-- com.ys.h2hdrx.webmodule.MedicationHistory -->
