<?xml version="1.0" encoding="UTF-8"?>
<!-- Generated by org.testng.reporters.JUnitReportReporter -->
<testsuite skipped="0" hostname="RSTPL018-PC.local" name="com.ys.h2hdrx.webmodule.DefaultPhysician" tests="1" failures="0" timestamp="27 Jul 2020 08:48:47 GMT" time="14.293" errors="0">
  <testcase name="DefaultPhysician_save" time="14.293" classname="com.ys.h2hdrx.webmodule.DefaultPhysician"/>
</testsuite> <!-- com.ys.h2hdrx.webmodule.DefaultPhysician -->
