<?xml version="1.0" encoding="UTF-8"?>
<!-- Generated by org.testng.reporters.JUnitReportReporter -->
<testsuite skipped="2" hostname="RSTPL018-PC.local" name="com.ys.h2hdrx.webmodule.PatientFavouriteDrug" tests="5" failures="0" timestamp="06 Aug 2020 15:11:38 GMT" time="412.641" errors="0">
  <testcase name="FavouriteDrug" time="70.290" classname="com.ys.h2hdrx.webmodule.PatientFavouriteDrug"/>
  <testcase name="Favourite_confirmprescription" time="321.535" classname="com.ys.h2hdrx.webmodule.PatientFavouriteDrug"/>
  <testcase name="FavouriteDrug_delete" time="20.816" classname="com.ys.h2hdrx.webmodule.PatientFavouriteDrug"/>
  <testcase name="tryFailScreenshot" classname="com.ys.h2hdrx.webmodule.PatientFavouriteDrug">
    <skipped/>
  </testcase> <!-- tryFailScreenshot -->
  <testcase name="tryPassScreenshot" classname="com.ys.h2hdrx.webmodule.PatientFavouriteDrug">
    <skipped/>
  </testcase> <!-- tryPassScreenshot -->
</testsuite> <!-- com.ys.h2hdrx.webmodule.PatientFavouriteDrug -->
