<?xml version="1.0" encoding="UTF-8"?>
<!-- Generated by org.testng.reporters.JUnitReportReporter -->
<testsuite skipped="2" hostname="RSTPL018-PC.local" name="com.ys.h2hdrx.webmodule.Myprofile_favouritedrug" tests="5" failures="0" timestamp="28 Jul 2020 13:41:39 GMT" time="81.686" errors="0">
  <testcase name="favouritedrug" time="19.467" classname="com.ys.h2hdrx.webmodule.Myprofile_favouritedrug"/>
  <testcase name="addpracticelist" time="11.393" classname="com.ys.h2hdrx.webmodule.Myprofile_favouritedrug"/>
  <testcase name="practicefavoritedrug" time="50.826" classname="com.ys.h2hdrx.webmodule.Myprofile_favouritedrug"/>
  <testcase name="tryFailScreenshot" classname="com.ys.h2hdrx.webmodule.Myprofile_favouritedrug">
    <skipped/>
  </testcase> <!-- tryFailScreenshot -->
  <testcase name="tryPassScreenshot" classname="com.ys.h2hdrx.webmodule.Myprofile_favouritedrug">
    <skipped/>
  </testcase> <!-- tryPassScreenshot -->
</testsuite> <!-- com.ys.h2hdrx.webmodule.Myprofile_favouritedrug -->
