<?xml version="1.0" encoding="UTF-8"?>
<!-- Generated by org.testng.reporters.JUnitReportReporter -->
<testsuite skipped="2" hostname="RSTPL018-PC.local" name="com.ys.h2hdrx.webmodule.Print" tests="3" failures="0" timestamp="28 Jul 2020 05:30:09 GMT" time="166.227" errors="0">
  <testcase name="Printbutton" time="166.227" classname="com.ys.h2hdrx.webmodule.Print"/>
  <testcase name="tryPassScreenshot" classname="com.ys.h2hdrx.webmodule.Print">
    <skipped/>
  </testcase> <!-- tryPassScreenshot -->
  <testcase name="tryFailScreenshot" classname="com.ys.h2hdrx.webmodule.Print">
    <skipped/>
  </testcase> <!-- tryFailScreenshot -->
</testsuite> <!-- com.ys.h2hdrx.webmodule.Print -->
