<?xml version="1.0" encoding="UTF-8"?>
<!-- Generated by org.testng.reporters.JUnitReportReporter -->
<testsuite skipped="2" hostname="rstl006-pc" name="com.ys.h2hdrx.webmodule.Myprofile_Setdruginteraction" tests="3" failures="0" timestamp="13 May 2019 11:34:16 GMT" time="7.424" errors="0">
  <testcase name="SetDrugInteraction" time="7.424" classname="com.ys.h2hdrx.webmodule.Myprofile_Setdruginteraction"/>
  <testcase name="tryFailScreenshot" classname="com.ys.h2hdrx.webmodule.Myprofile_Setdruginteraction">
    <skipped/>
  </testcase> <!-- tryFailScreenshot -->
  <testcase name="tryPassScreenshot" classname="com.ys.h2hdrx.webmodule.Myprofile_Setdruginteraction">
    <skipped/>
  </testcase> <!-- tryPassScreenshot -->
</testsuite> <!-- com.ys.h2hdrx.webmodule.Myprofile_Setdruginteraction -->
