<?xml version="1.0" encoding="UTF-8"?>
<!-- Generated by org.testng.reporters.JUnitReportReporter -->
<testsuite skipped="2" hostname="RSTPL018-PC.local" name="com.ys.h2hdrx.webmodule.Myprofile_Setdruginteraction" tests="3" failures="0" timestamp="27 Jul 2020 14:52:48 GMT" time="19.500" errors="0">
  <testcase name="SetDrugInteraction" time="19.500" classname="com.ys.h2hdrx.webmodule.Myprofile_Setdruginteraction"/>
  <testcase name="tryFailScreenshot" classname="com.ys.h2hdrx.webmodule.Myprofile_Setdruginteraction">
    <skipped/>
  </testcase> <!-- tryFailScreenshot -->
  <testcase name="tryPassScreenshot" classname="com.ys.h2hdrx.webmodule.Myprofile_Setdruginteraction">
    <skipped/>
  </testcase> <!-- tryPassScreenshot -->
</testsuite> <!-- com.ys.h2hdrx.webmodule.Myprofile_Setdruginteraction -->
