<?xml version="1.0" encoding="UTF-8"?>
<!-- Generated by org.testng.reporters.JUnitReportReporter -->
<testsuite skipped="2" hostname="RSTPL018-PC.local" name="com.ys.h2hdrx.webmodule.PatientFavouriteDrug" tests="5" failures="0" timestamp="27 Jul 2020 10:00:54 GMT" time="346.132" errors="0">
  <testcase name="FavouriteDrug" time="175.065" classname="com.ys.h2hdrx.webmodule.PatientFavouriteDrug"/>
  <testcase name="Favourite_confirmprescription" time="153.280" classname="com.ys.h2hdrx.webmodule.PatientFavouriteDrug"/>
  <testcase name="FavouriteDrug_delete" time="17.787" classname="com.ys.h2hdrx.webmodule.PatientFavouriteDrug"/>
  <testcase name="tryFailScreenshot" classname="com.ys.h2hdrx.webmodule.PatientFavouriteDrug">
    <skipped/>
  </testcase> <!-- tryFailScreenshot -->
  <testcase name="tryPassScreenshot" classname="com.ys.h2hdrx.webmodule.PatientFavouriteDrug">
    <skipped/>
  </testcase> <!-- tryPassScreenshot -->
</testsuite> <!-- com.ys.h2hdrx.webmodule.PatientFavouriteDrug -->
