<?xml version="1.0" encoding="UTF-8"?>
<!-- Generated by org.testng.reporters.JUnitReportReporter -->
<testsuite skipped="0" hostname="rstl006-pc" name="com.ys.h2hdrx.webmodule.Insurance" tests="1" failures="0" timestamp="19 Mar 2019 07:53:51 GMT" time="13.489" errors="0">
  <testcase name="InsuranceInfo" time="13.489" classname="com.ys.h2hdrx.webmodule.Insurance"/>
</testsuite> <!-- com.ys.h2hdrx.webmodule.Insurance -->
