<?xml version="1.0" encoding="UTF-8"?>
<!-- Generated by org.testng.reporters.JUnitReportReporter -->
<testsuite skipped="0" hostname="rstl006-pc" name="com.ys.h2hdrx.webmodule.Patientprofile" tests="1" failures="0" timestamp="17 Mar 2019 10:34:04 GMT" time="8.805" errors="0">
  <testcase name="Patientprofile_patientinforamtion" time="8.805" classname="com.ys.h2hdrx.webmodule.Patientprofile"/>
</testsuite> <!-- com.ys.h2hdrx.webmodule.Patientprofile -->
