<?xml version="1.0" encoding="UTF-8"?>
<!-- Generated by org.testng.reporters.JUnitReportReporter -->
<testsuite skipped="3" hostname="RSTPL018-PC.local" name="com.ys.h2hdrx.webmodule.Allergies" tests="7" failures="0" timestamp="24 Jul 2020 07:56:52 GMT" time="14.716" errors="0">
  <testcase name="allergies_add" time="5.778" classname="com.ys.h2hdrx.webmodule.Allergies"/>
  <testcase name="allergies_addreaction" time="8.577" classname="com.ys.h2hdrx.webmodule.Allergies"/>
  <testcase name="allergies_edit" time="0.150" classname="com.ys.h2hdrx.webmodule.Allergies"/>
  <testcase name="allergies_inactive" time="0.211" classname="com.ys.h2hdrx.webmodule.Allergies"/>
  <testcase name="tryPassScreenshot" classname="com.ys.h2hdrx.webmodule.Allergies">
    <skipped/>
  </testcase> <!-- tryPassScreenshot -->
  <testcase name="allergies_delete" classname="com.ys.h2hdrx.webmodule.Allergies">
    <skipped/>
  </testcase> <!-- allergies_delete -->
  <testcase name="tryFailScreenshot" classname="com.ys.h2hdrx.webmodule.Allergies">
    <skipped/>
  </testcase> <!-- tryFailScreenshot -->
</testsuite> <!-- com.ys.h2hdrx.webmodule.Allergies -->
