<?xml version="1.0" encoding="UTF-8"?>
<!-- Generated by org.testng.reporters.JUnitReportReporter -->
<testsuite skipped="0" hostname="rstl006-pc" name="com.ys.h2hdrx.adminmodule.AdminUserLogin" tests="1" failures="0" timestamp="09 May 2019 10:52:29 GMT" time="2.043" errors="0">
  <testcase name="AdminUserLogin" time="2.043" classname="com.ys.h2hdrx.adminmodule.AdminUserLogin"/>
</testsuite> <!-- com.ys.h2hdrx.adminmodule.AdminUserLogin -->
