<?xml version="1.0" encoding="UTF-8"?>
<!-- Generated by org.testng.reporters.JUnitReportReporter -->
<testsuite skipped="2" hostname="RSTPL018-PC.local" name="com.ys.h2hdrx.webmodule.PatientSavedPrescription" tests="4" failures="0" timestamp="07 Aug 2020 16:43:47 GMT" time="633.288" errors="0">
  <testcase name="save" time="274.994" classname="com.ys.h2hdrx.webmodule.PatientSavedPrescription"/>
  <testcase name="savedprescription" time="358.294" classname="com.ys.h2hdrx.webmodule.PatientSavedPrescription"/>
  <testcase name="tryPassScreenshot" classname="com.ys.h2hdrx.webmodule.PatientSavedPrescription">
    <skipped/>
  </testcase> <!-- tryPassScreenshot -->
  <testcase name="tryFailScreenshot" classname="com.ys.h2hdrx.webmodule.PatientSavedPrescription">
    <skipped/>
  </testcase> <!-- tryFailScreenshot -->
</testsuite> <!-- com.ys.h2hdrx.webmodule.PatientSavedPrescription -->
