<?xml version="1.0" encoding="UTF-8"?>
<!-- Generated by org.testng.reporters.JUnitReportReporter -->
<testsuite skipped="0" hostname="rstl006-pc" name="com.ys.h2hdrx.Implementation.Example" tests="1" failures="0" timestamp="05 Dec 2018 19:59:40 GMT" time="23.782" errors="0">
  <testcase name="webTables" time="23.782" classname="com.ys.h2hdrx.Implementation.Example"/>
</testsuite> <!-- com.ys.h2hdrx.Implementation.Example -->
