<?xml version="1.0" encoding="UTF-8"?>
<!-- Generated by org.testng.reporters.JUnitReportReporter -->
<testsuite skipped="2" hostname="RSTPL018-PC.local" name="com.ys.h2hdrx.webmodule.Scheduledrug" tests="4" failures="0" timestamp="15 Aug 2020 15:28:51 GMT" time="146.110" errors="0">
  <testcase name="Confirmprescription" time="23.154" classname="com.ys.h2hdrx.webmodule.Scheduledrug"/>
  <testcase name="idme" time="122.956" classname="com.ys.h2hdrx.webmodule.Scheduledrug"/>
  <testcase name="tryFailScreenshot" classname="com.ys.h2hdrx.webmodule.Scheduledrug">
    <skipped/>
  </testcase> <!-- tryFailScreenshot -->
  <testcase name="tryPassScreenshot" classname="com.ys.h2hdrx.webmodule.Scheduledrug">
    <skipped/>
  </testcase> <!-- tryPassScreenshot -->
</testsuite> <!-- com.ys.h2hdrx.webmodule.Scheduledrug -->
