<?xml version="1.0" encoding="UTF-8"?>
<!-- Generated by org.testng.reporters.JUnitReportReporter -->
<testsuite skipped="0" hostname="rstl006-pc" name="com.ys.h2hdrx.webmodule.SavedPrescription_report" tests="1" failures="0" timestamp="15 May 2019 11:07:18 GMT" time="9.018" errors="0">
  <testcase name="SavedPrescription_report" time="9.018" classname="com.ys.h2hdrx.webmodule.SavedPrescription_report"/>
</testsuite> <!-- com.ys.h2hdrx.webmodule.SavedPrescription_report -->
