<?xml version="1.0" encoding="UTF-8"?>
<!-- Generated by org.testng.reporters.JUnitReportReporter -->
<testsuite skipped="2" hostname="rstl006-pc" name="com.ys.h2hdrx.webmodule.PatientSavedPrescription" tests="4" failures="0" timestamp="07 May 2019 07:42:16 GMT" time="394.710" errors="0">
  <testcase name="save" time="13.368" classname="com.ys.h2hdrx.webmodule.PatientSavedPrescription"/>
  <testcase name="savedprescription" time="381.342" classname="com.ys.h2hdrx.webmodule.PatientSavedPrescription"/>
  <testcase name="tryPassScreenshot" classname="com.ys.h2hdrx.webmodule.PatientSavedPrescription">
    <skipped/>
  </testcase> <!-- tryPassScreenshot -->
  <testcase name="tryFailScreenshot" classname="com.ys.h2hdrx.webmodule.PatientSavedPrescription">
    <skipped/>
  </testcase> <!-- tryFailScreenshot -->
</testsuite> <!-- com.ys.h2hdrx.webmodule.PatientSavedPrescription -->
