<?xml version="1.0" encoding="UTF-8"?>
<!-- Generated by org.testng.reporters.JUnitReportReporter -->
<testsuite skipped="0" hostname="rstl006-pc" name="com.ys.h2hdrx.adminmodule.Supervisior" tests="1" failures="0" timestamp="05 Mar 2019 11:08:39 GMT" time="0.759" errors="0">
  <testcase name="f" time="0.759" classname="com.ys.h2hdrx.adminmodule.Supervisior"/>
</testsuite> <!-- com.ys.h2hdrx.adminmodule.Supervisior -->
