<?xml version="1.0" encoding="UTF-8"?>
<!-- Generated by org.testng.reporters.JUnitReportReporter -->
<testsuite skipped="2" hostname="rstl006-pc" name="com.ys.h2hdrx.webmodule.SendandPrint" tests="3" failures="0" timestamp="13 May 2019 14:47:52 GMT" time="349.490" errors="0">
  <testcase name="Sendandprintbutton" time="349.490" classname="com.ys.h2hdrx.webmodule.SendandPrint"/>
  <testcase name="tryPassScreenshot" classname="com.ys.h2hdrx.webmodule.SendandPrint">
    <skipped/>
  </testcase> <!-- tryPassScreenshot -->
  <testcase name="tryFailScreenshot" classname="com.ys.h2hdrx.webmodule.SendandPrint">
    <skipped/>
  </testcase> <!-- tryFailScreenshot -->
</testsuite> <!-- com.ys.h2hdrx.webmodule.SendandPrint -->
