<?xml version="1.0" encoding="UTF-8"?>
<!-- Generated by org.testng.reporters.JUnitReportReporter -->
<testsuite skipped="0" hostname="rstl006-pc" name="com.ys.h2hdrx.lowprofile.Adminedit1" tests="2" failures="0" timestamp="09 May 2019 12:50:36 GMT" time="12.601" errors="0">
  <testcase name="checkboxenable" time="2.859" classname="com.ys.h2hdrx.lowprofile.Adminedit1"/>
  <testcase name="Admin_searchdoctor" time="9.742" classname="com.ys.h2hdrx.lowprofile.Adminedit1"/>
</testsuite> <!-- com.ys.h2hdrx.lowprofile.Adminedit1 -->
