<?xml version="1.0" encoding="UTF-8"?>
<!-- Generated by org.testng.reporters.JUnitReportReporter -->
<testsuite skipped="2" hostname="RSTPL018-PC.local" name="com.ys.h2hdrx.webmodule.AddToMedication" tests="3" failures="0" timestamp="27 Jul 2020 08:45:03 GMT" time="102.124" errors="0">
  <testcase name="Addtomedicationhistory" time="102.124" classname="com.ys.h2hdrx.webmodule.AddToMedication"/>
  <testcase name="tryFailScreenshot" classname="com.ys.h2hdrx.webmodule.AddToMedication">
    <skipped/>
  </testcase> <!-- tryFailScreenshot -->
  <testcase name="tryPassScreenshot" classname="com.ys.h2hdrx.webmodule.AddToMedication">
    <skipped/>
  </testcase> <!-- tryPassScreenshot -->
</testsuite> <!-- com.ys.h2hdrx.webmodule.AddToMedication -->
