<?xml version="1.0" encoding="UTF-8"?>
<!-- Generated by org.testng.reporters.JUnitReportReporter -->
<testsuite skipped="2" hostname="RSTPL018-PC.local" name="com.ys.h2hdrx.webmodule.Myprofile_Personal" tests="3" failures="0" timestamp="27 Jul 2020 14:44:45 GMT" time="5.900" errors="0">
  <testcase name="PersonalProfile" time="5.900" classname="com.ys.h2hdrx.webmodule.Myprofile_Personal"/>
  <testcase name="tryFailScreenshot" classname="com.ys.h2hdrx.webmodule.Myprofile_Personal">
    <skipped/>
  </testcase> <!-- tryFailScreenshot -->
  <testcase name="tryPassScreenshot" classname="com.ys.h2hdrx.webmodule.Myprofile_Personal">
    <skipped/>
  </testcase> <!-- tryPassScreenshot -->
</testsuite> <!-- com.ys.h2hdrx.webmodule.Myprofile_Personal -->
