<?xml version="1.0" encoding="UTF-8"?>
<!-- Generated by org.testng.reporters.JUnitReportReporter -->
<testsuite skipped="2" hostname="rstl006-pc" name="com.ys.h2hdrx.webmodule.PatientFavouriteDrug" tests="5" failures="0" timestamp="30 Apr 2019 12:23:57 GMT" time="220.524" errors="0">
  <testcase name="FavouriteDrug" time="36.536" classname="com.ys.h2hdrx.webmodule.PatientFavouriteDrug"/>
  <testcase name="Favourite_confirmprescription" time="173.638" classname="com.ys.h2hdrx.webmodule.PatientFavouriteDrug"/>
  <testcase name="FavouriteDrug_delete" time="10.350" classname="com.ys.h2hdrx.webmodule.PatientFavouriteDrug"/>
  <testcase name="tryFailScreenshot" classname="com.ys.h2hdrx.webmodule.PatientFavouriteDrug">
    <skipped/>
  </testcase> <!-- tryFailScreenshot -->
  <testcase name="tryPassScreenshot" classname="com.ys.h2hdrx.webmodule.PatientFavouriteDrug">
    <skipped/>
  </testcase> <!-- tryPassScreenshot -->
</testsuite> <!-- com.ys.h2hdrx.webmodule.PatientFavouriteDrug -->
