<?xml version="1.0" encoding="UTF-8"?>
<!-- Generated by org.testng.reporters.JUnitReportReporter -->
<testsuite skipped="2" hostname="RSTPL018-PC.local" name="com.ys.h2hdrx.webmodule.MedicationHistory" tests="5" failures="0" timestamp="28 Jul 2020 10:08:23 GMT" time="154.734" errors="0">
  <testcase name="drugcheckbox" time="39.749" classname="com.ys.h2hdrx.webmodule.MedicationHistory"/>
  <testcase name="Confirmprescription" time="36.327" classname="com.ys.h2hdrx.webmodule.MedicationHistory"/>
  <testcase name="Updatedrug" time="78.658" classname="com.ys.h2hdrx.webmodule.MedicationHistory"/>
  <testcase name="tryFailScreenshot" classname="com.ys.h2hdrx.webmodule.MedicationHistory">
    <skipped/>
  </testcase> <!-- tryFailScreenshot -->
  <testcase name="tryPassScreenshot" classname="com.ys.h2hdrx.webmodule.MedicationHistory">
    <skipped/>
  </testcase> <!-- tryPassScreenshot -->
</testsuite> <!-- com.ys.h2hdrx.webmodule.MedicationHistory -->
