<?xml version="1.0" encoding="UTF-8"?>
<!-- Generated by org.testng.reporters.JUnitReportReporter -->
<testsuite skipped="2" hostname="RSTPL018-PC.local" name="com.ys.h2hdrx.webmodule.SSMedicationhistory" tests="4" failures="0" timestamp="15 Aug 2020 16:07:05 GMT" time="51.746" errors="0">
  <testcase name="pbm" time="4.943" classname="com.ys.h2hdrx.webmodule.SSMedicationhistory"/>
  <testcase name="ssmedicationhistoryinfo" time="46.803" classname="com.ys.h2hdrx.webmodule.SSMedicationhistory"/>
  <testcase name="tryPassScreenshot" classname="com.ys.h2hdrx.webmodule.SSMedicationhistory">
    <skipped/>
  </testcase> <!-- tryPassScreenshot -->
  <testcase name="tryFailScreenshot" classname="com.ys.h2hdrx.webmodule.SSMedicationhistory">
    <skipped/>
  </testcase> <!-- tryFailScreenshot -->
</testsuite> <!-- com.ys.h2hdrx.webmodule.SSMedicationhistory -->
