<?xml version="1.0" encoding="UTF-8"?>
<!-- Generated by org.testng.reporters.JUnitReportReporter -->
<testsuite skipped="0" hostname="RSTPL018-PC.local" name="com.ys.h2hdrx.webmodule.Medi_InactiveDrug" tests="1" failures="0" timestamp="28 Jul 2020 14:50:01 GMT" time="8.573" errors="0">
  <testcase name="Medi_inactivedrug_twocheckbox" time="8.573" classname="com.ys.h2hdrx.webmodule.Medi_InactiveDrug"/>
</testsuite> <!-- com.ys.h2hdrx.webmodule.Medi_InactiveDrug -->
