<?xml version="1.0" encoding="UTF-8"?>
<!-- Generated by org.testng.reporters.JUnitReportReporter -->
<testsuite skipped="2" hostname="rstl006-pc" name="com.ys.h2hdrx.webmodule.FreeText" tests="3" failures="0" timestamp="11 May 2019 09:21:38 GMT" time="115.709" errors="0">
  <testcase name="FreeText_Addtomedication" time="115.709" classname="com.ys.h2hdrx.webmodule.FreeText"/>
  <testcase name="tryFailScreenshot" classname="com.ys.h2hdrx.webmodule.FreeText">
    <skipped/>
  </testcase> <!-- tryFailScreenshot -->
  <testcase name="tryPassScreenshot" classname="com.ys.h2hdrx.webmodule.FreeText">
    <skipped/>
  </testcase> <!-- tryPassScreenshot -->
</testsuite> <!-- com.ys.h2hdrx.webmodule.FreeText -->
