<?xml version="1.0" encoding="UTF-8"?>
<!-- Generated by org.testng.reporters.JUnitReportReporter -->
<testsuite skipped="0" hostname="RSTPL018-PC.local" name="com.ys.h2hdrx.webmodule.PendingRefills_Reports" tests="1" failures="0" timestamp="17 Aug 2020 17:04:34 GMT" time="13.592" errors="0">
  <testcase name="PendingRefills_Reports" time="13.592" classname="com.ys.h2hdrx.webmodule.PendingRefills_Reports"/>
</testsuite> <!-- com.ys.h2hdrx.webmodule.PendingRefills_Reports -->
