<?xml version="1.0" encoding="UTF-8"?>
<!-- Generated by org.testng.reporters.JUnitReportReporter -->
<testsuite skipped="2" hostname="RSTPL018-PC.local" name="com.ys.h2hdrx.webmodule.Rxpad" tests="4" failures="0" timestamp="27 Jul 2020 08:15:27 GMT" time="108.563" errors="0">
  <testcase name="Confirmprescription" time="86.036" classname="com.ys.h2hdrx.webmodule.Rxpad"/>
  <testcase name="sendtopharmacy" time="22.527" classname="com.ys.h2hdrx.webmodule.Rxpad"/>
  <testcase name="tryPassScreenshot" classname="com.ys.h2hdrx.webmodule.Rxpad">
    <skipped/>
  </testcase> <!-- tryPassScreenshot -->
  <testcase name="tryFailScreenshot" classname="com.ys.h2hdrx.webmodule.Rxpad">
    <skipped/>
  </testcase> <!-- tryFailScreenshot -->
</testsuite> <!-- com.ys.h2hdrx.webmodule.Rxpad -->
