<?xml version="1.0" encoding="UTF-8"?>
<!-- Generated by org.testng.reporters.JUnitReportReporter -->
<testsuite skipped="2" hostname="rstl006-pc" name="com.ys.h2hdrx.webmodule.Reports" tests="4" failures="0" timestamp="15 May 2019 08:10:59 GMT" time="315.494" errors="0">
  <testcase name="PrescriptionReport" time="310.757" classname="com.ys.h2hdrx.webmodule.Reports"/>
  <testcase name="PrescriptionReport_remove" time="4.737" classname="com.ys.h2hdrx.webmodule.Reports"/>
  <testcase name="tryPassScreenshot" classname="com.ys.h2hdrx.webmodule.Reports">
    <skipped/>
  </testcase> <!-- tryPassScreenshot -->
  <testcase name="tryFailScreenshot" classname="com.ys.h2hdrx.webmodule.Reports">
    <skipped/>
  </testcase> <!-- tryFailScreenshot -->
</testsuite> <!-- com.ys.h2hdrx.webmodule.Reports -->
