<?xml version="1.0" encoding="UTF-8"?>
<!-- Generated by org.testng.reporters.JUnitReportReporter -->
<testsuite skipped="0" hostname="RSTPL018-PC.local" name="com.ys.h2hdrx.webmodule.Insurance" tests="1" failures="0" timestamp="27 Jul 2020 13:01:18 GMT" time="129.080" errors="0">
  <testcase name="InsuranceInfo" time="129.080" classname="com.ys.h2hdrx.webmodule.Insurance"/>
</testsuite> <!-- com.ys.h2hdrx.webmodule.Insurance -->
