<?xml version="1.0" encoding="UTF-8"?>
<!-- Generated by org.testng.reporters.JUnitReportReporter -->
<testsuite skipped="0" hostname="RSTPL018-PC.local" name="com.ys.h2hdrx.lowprofile.onbehalf" tests="1" failures="0" timestamp="22 Jul 2020 14:08:37 GMT" time="0.008" errors="0">
  <testcase name="onbehalf" time="0.008" classname="com.ys.h2hdrx.lowprofile.onbehalf"/>
</testsuite> <!-- com.ys.h2hdrx.lowprofile.onbehalf -->
