<?xml version="1.0" encoding="UTF-8"?>
<!-- Generated by org.testng.reporters.JUnitReportReporter -->
<testsuite skipped="3" hostname="RSTPL018-PC.local" name="com.ys.h2hdrx.webmodule.Allergies" tests="7" failures="0" timestamp="07 Aug 2020 15:12:16 GMT" time="42.692" errors="0">
  <testcase name="allergies_add" time="21.062" classname="com.ys.h2hdrx.webmodule.Allergies"/>
  <testcase name="allergies_addreaction" time="12.213" classname="com.ys.h2hdrx.webmodule.Allergies"/>
  <testcase name="allergies_edit" time="7.322" classname="com.ys.h2hdrx.webmodule.Allergies"/>
  <testcase name="allergies_inactive" time="2.095" classname="com.ys.h2hdrx.webmodule.Allergies"/>
  <testcase name="tryPassScreenshot" classname="com.ys.h2hdrx.webmodule.Allergies">
    <skipped/>
  </testcase> <!-- tryPassScreenshot -->
  <testcase name="allergies_delete" classname="com.ys.h2hdrx.webmodule.Allergies">
    <skipped/>
  </testcase> <!-- allergies_delete -->
  <testcase name="tryFailScreenshot" classname="com.ys.h2hdrx.webmodule.Allergies">
    <skipped/>
  </testcase> <!-- tryFailScreenshot -->
</testsuite> <!-- com.ys.h2hdrx.webmodule.Allergies -->
