<?xml version="1.0" encoding="UTF-8"?>
<!-- Generated by org.testng.reporters.JUnitReportReporter -->
<testsuite skipped="2" hostname="RSTPL018-PC.local" name="com.ys.h2hdrx.webmodule.Reports" tests="4" failures="0" timestamp="15 Aug 2020 17:15:49 GMT" time="27.419" errors="0">
  <testcase name="PrescriptionReport" time="19.193" classname="com.ys.h2hdrx.webmodule.Reports"/>
  <testcase name="PrescriptionReport_remove" time="8.226" classname="com.ys.h2hdrx.webmodule.Reports"/>
  <testcase name="tryPassScreenshot" classname="com.ys.h2hdrx.webmodule.Reports">
    <skipped/>
  </testcase> <!-- tryPassScreenshot -->
  <testcase name="tryFailScreenshot" classname="com.ys.h2hdrx.webmodule.Reports">
    <skipped/>
  </testcase> <!-- tryFailScreenshot -->
</testsuite> <!-- com.ys.h2hdrx.webmodule.Reports -->
