<?xml version="1.0" encoding="UTF-8"?>
<!-- Generated by org.testng.reporters.JUnitReportReporter -->
<testsuite skipped="0" hostname="rstl006-pc" name="com.ys.h2hdrx.adminmodule.Admin_Login" tests="2" failures="0" timestamp="30 Dec 2018 13:01:33 GMT" time="2.028" errors="0">
  <testcase name="loginAdmin" time="2.025" classname="com.ys.h2hdrx.adminmodule.Admin_Login"/>
  <testcase name="editUser" time="0.003" classname="com.ys.h2hdrx.adminmodule.Admin_Login"/>
</testsuite> <!-- com.ys.h2hdrx.adminmodule.Admin_Login -->
