<?xml version="1.0" encoding="UTF-8"?>
<!-- Generated by org.testng.reporters.JUnitReportReporter -->
<testsuite skipped="0" hostname="rstl006-pc" name="test.A" tests="1" failures="0" timestamp="08 Jan 2019 21:16:16 GMT" time="0.020" errors="0">
  <testcase name="one" time="0.020" classname="test.A"/>
</testsuite> <!-- test.A -->
