<?xml version="1.0" encoding="UTF-8"?>
<!-- Generated by org.testng.reporters.JUnitReportReporter -->
<testsuite skipped="0" hostname="rstl006-pc" name="com.ys.h2hdrx.lowprofile.DefaultPhysicain" tests="1" failures="0" timestamp="09 May 2019 09:19:34 GMT" time="48.436" errors="0">
  <testcase name="Rxpad_DefaultPhysicain" time="48.436" classname="com.ys.h2hdrx.lowprofile.DefaultPhysicain"/>
</testsuite> <!-- com.ys.h2hdrx.lowprofile.DefaultPhysicain -->
