<?xml version="1.0" encoding="UTF-8"?>
<!-- Generated by org.testng.reporters.JUnitReportReporter -->
<testsuite skipped="2" hostname="rstl006-pc" name="com.ys.h2hdrx.lowprofile.UserLogin" tests="3" failures="0" timestamp="02 Apr 2019 11:48:39 GMT" time="42.124" errors="0">
  <testcase name="doctorLogin" time="42.124" classname="com.ys.h2hdrx.lowprofile.UserLogin"/>
  <testcase name="tryFailScreenshot" classname="com.ys.h2hdrx.lowprofile.UserLogin">
    <skipped/>
  </testcase> <!-- tryFailScreenshot -->
  <testcase name="tryPassScreenshot" classname="com.ys.h2hdrx.lowprofile.UserLogin">
    <skipped/>
  </testcase> <!-- tryPassScreenshot -->
</testsuite> <!-- com.ys.h2hdrx.lowprofile.UserLogin -->
