<?xml version="1.0" encoding="UTF-8"?>
<!-- Generated by org.testng.reporters.JUnitReportReporter -->
<testsuite skipped="2" hostname="RSTPL018-PC.local" name="com.ys.h2hdrx.webmodule.DoctorSavedPrescription" tests="3" failures="0" timestamp="07 Aug 2020 16:27:57 GMT" time="340.171" errors="0">
  <testcase name="savedprescription" time="340.171" classname="com.ys.h2hdrx.webmodule.DoctorSavedPrescription"/>
  <testcase name="tryPassScreenshot" classname="com.ys.h2hdrx.webmodule.DoctorSavedPrescription">
    <skipped/>
  </testcase> <!-- tryPassScreenshot -->
  <testcase name="tryFailScreenshot" classname="com.ys.h2hdrx.webmodule.DoctorSavedPrescription">
    <skipped/>
  </testcase> <!-- tryFailScreenshot -->
</testsuite> <!-- com.ys.h2hdrx.webmodule.DoctorSavedPrescription -->
