<?xml version="1.0" encoding="UTF-8"?>
<!-- Generated by org.testng.reporters.JUnitReportReporter -->
<testsuite skipped="0" hostname="RSTPL018-PC.local" name="com.ys.h2hdrx.webmodule.Pharmacy" tests="1" failures="0" timestamp="04 Aug 2020 07:26:45 GMT" time="36.276" errors="0">
  <testcase name="Searchpharmacy" time="36.276" classname="com.ys.h2hdrx.webmodule.Pharmacy"/>
</testsuite> <!-- com.ys.h2hdrx.webmodule.Pharmacy -->
