<?xml version="1.0" encoding="UTF-8"?>
<!-- Generated by org.testng.reporters.JUnitReportReporter -->
<testsuite skipped="2" hostname="RSTPL018-PC.local" name="com.ys.h2hdrx.webmodule.SendandPrint" tests="3" failures="0" timestamp="28 Jul 2020 05:54:02 GMT" time="171.866" errors="0">
  <testcase name="Sendandprintbutton" time="171.866" classname="com.ys.h2hdrx.webmodule.SendandPrint"/>
  <testcase name="tryPassScreenshot" classname="com.ys.h2hdrx.webmodule.SendandPrint">
    <skipped/>
  </testcase> <!-- tryPassScreenshot -->
  <testcase name="tryFailScreenshot" classname="com.ys.h2hdrx.webmodule.SendandPrint">
    <skipped/>
  </testcase> <!-- tryFailScreenshot -->
</testsuite> <!-- com.ys.h2hdrx.webmodule.SendandPrint -->
