<?xml version="1.0" encoding="UTF-8"?>
<!-- Generated by org.testng.reporters.JUnitReportReporter -->
<testsuite skipped="1" hostname="rstl006-pc" name="com.ys.h2hdrx.webmodule.Practicefavoritedrug" tests="1" failures="0" timestamp="12 Mar 2019 06:24:17 GMT" time="0.000" errors="0">
  <testcase name="doctorLogin" time="0.000" classname="com.ys.h2hdrx.webmodule.Practicefavoritedrug">
    <skipped/>
  </testcase> <!-- doctorLogin -->
</testsuite> <!-- com.ys.h2hdrx.webmodule.Practicefavoritedrug -->
